2016/05/25 18:01:36 INFO  - jmeter.util.JMeterUtils: Setting Locale to en_US 
2016/05/25 18:01:36 INFO  - jmeter.JMeter: Copyright (c) 1998-2013 The Apache Software Foundation 
2016/05/25 18:01:36 INFO  - jmeter.JMeter: Version 2.10 r1533061 
2016/05/25 18:01:36 INFO  - jmeter.JMeter: java.version=1.8.0_73 
2016/05/25 18:01:36 INFO  - jmeter.JMeter: java.vm.name=Java HotSpot(TM) 64-Bit Server VM 
2016/05/25 18:01:36 INFO  - jmeter.JMeter: os.name=Mac OS X 
2016/05/25 18:01:36 INFO  - jmeter.JMeter: os.arch=x86_64 
2016/05/25 18:01:36 INFO  - jmeter.JMeter: os.version=10.11.4 
2016/05/25 18:01:36 INFO  - jmeter.JMeter: file.encoding=UTF-8 
2016/05/25 18:01:36 INFO  - jmeter.JMeter: Default Locale=English (United States) 
2016/05/25 18:01:36 INFO  - jmeter.JMeter: JMeter  Locale=English (United States) 
2016/05/25 18:01:36 INFO  - jmeter.JMeter: JMeterHome=/Users/schigurupati/jmeter-jenkins/target/jmeter 
2016/05/25 18:01:36 INFO  - jmeter.JMeter: user.dir  =/Users/schigurupati/jmeter-jenkins/target/jmeter/bin 
2016/05/25 18:01:36 INFO  - jmeter.JMeter: PWD       =/Users/schigurupati/jmeter-jenkins/target/jmeter/bin 
2016/05/25 18:01:36 INFO  - jmeter.JMeter: IP: 10.214.101.253 Name: Insikts-MacBook-Pro.local FullName: 10.214.101.253 
2016/05/25 18:01:36 INFO  - jmeter.services.FileServer: Default base='/Users/schigurupati/jmeter-jenkins/target/jmeter/bin' 
2016/05/25 18:01:36 INFO  - jmeter.services.FileServer: Set new base='/Users/schigurupati/jmeter-jenkins/src/test/jmeter' 
2016/05/25 18:01:36 INFO  - jmeter.JMeter: Loading file: /Users/schigurupati/jmeter-jenkins/src/test/jmeter/MyCRO_Automation.jmx 
2016/05/25 18:01:36 INFO  - jmeter.save.SaveService: Testplan (JMX) version: 2.2. Testlog (JTL) version: 2.2 
2016/05/25 18:01:36 INFO  - jmeter.save.SaveService: Using SaveService properties file encoding UTF-8 
2016/05/25 18:01:36 INFO  - jmeter.save.SaveService: Using SaveService properties version 2.5 
2016/05/25 18:01:36 INFO  - jmeter.save.SaveService: Using SaveService properties file version 1519088 
2016/05/25 18:01:36 INFO  - jmeter.save.SaveService: All converter versions present and correct 
2016/05/25 18:01:36 INFO  - jmeter.protocol.http.control.CookieManager: Settings: Delete null: true Check: true Allow variable: true Save: false Prefix: COOKIE_ 
2016/05/25 18:01:36 INFO  - jmeter.protocol.http.sampler.HTTPSamplerBase: No response parsers defined: text/html only will be scanned for embedded resources 
2016/05/25 18:01:36 INFO  - jmeter.JMeter: Creating summariser <summary> 
2016/05/25 18:01:37 INFO  - jmeter.engine.StandardJMeterEngine: Listeners will be started after enabling running version 
2016/05/25 18:01:37 INFO  - jmeter.engine.StandardJMeterEngine: To revert to the earlier behaviour, define jmeterengine.startlistenerslater=false 
2016/05/25 18:01:37 INFO  - jmeter.engine.StandardJMeterEngine: Running the test! 
2016/05/25 18:01:37 INFO  - jmeter.samplers.SampleEvent: List of sample_variables: [] 
2016/05/25 18:01:37 INFO  - jmeter.samplers.SampleEvent: List of sample_variables: [] 
2016/05/25 18:01:37 INFO  - jmeter.JMeter: Running test (1464224497392) 
2016/05/25 18:01:37 INFO  - jmeter.engine.StandardJMeterEngine: Starting ThreadGroup: 1 : MyCRO 
2016/05/25 18:01:37 INFO  - jmeter.engine.StandardJMeterEngine: Starting 1 threads for group MyCRO. 
2016/05/25 18:01:37 INFO  - jmeter.engine.StandardJMeterEngine: Thread will continue on error 
2016/05/25 18:01:37 INFO  - jmeter.threads.ThreadGroup: Starting thread group number 1 threads 1 ramp-up 1 perThread 1000.0 delayedStart=false 
2016/05/25 18:01:37 INFO  - jmeter.threads.JMeterThread: jmeterthread.startearlier=true (see jmeter.properties) 
2016/05/25 18:01:37 INFO  - jmeter.threads.JMeterThread: Running PostProcessors in forward order 
2016/05/25 18:01:37 INFO  - jmeter.threads.ThreadGroup: Started thread group number 1 
2016/05/25 18:01:37 INFO  - jmeter.engine.StandardJMeterEngine: All thread groups have been started 
2016/05/25 18:01:37 INFO  - jmeter.threads.JMeterThread: Thread started: MyCRO 1-1 
2016/05/25 18:01:37 INFO  - jmeter.protocol.http.sampler.HTTPJavaImpl: Maximum connection retries = 10 
2016/05/25 18:01:37 INFO  - jmeter.samplers.SampleResult: Note: Sample TimeStamps are END times 
2016/05/25 18:01:37 INFO  - jmeter.samplers.SampleResult: sampleresult.default.encoding is set to ISO-8859-1 
2016/05/25 18:01:37 INFO  - jmeter.samplers.SampleResult: sampleresult.useNanoTime=true 
2016/05/25 18:01:37 INFO  - jmeter.samplers.SampleResult: sampleresult.nanoThreadSleep=5000 
2016/05/25 18:01:37 INFO  - jmeter.util.JsseSSLManager: Using default SSL protocol: TLS 
2016/05/25 18:01:37 INFO  - jmeter.util.JsseSSLManager: SSL session context: per-thread 
2016/05/25 18:01:37 INFO  - jmeter.util.SSLManager: JmeterKeyStore Location:  type JKS 
2016/05/25 18:01:37 INFO  - jmeter.util.SSLManager: KeyStore created OK 
2016/05/25 18:01:37 WARN  - jmeter.util.SSLManager: Keystore file not found, loading empty keystore 
2016/05/25 18:01:40 INFO  - jmeter.reporters.Summariser: summary +     52 in   2.4s =   21.3/s Avg:    45 Min:    25 Max:   419 Err:     0 (0.00%) Active: 1 Started: 1 Finished: 0 
2016/05/25 18:01:42 INFO  - jmeter.threads.JMeterThread: Thread finished: MyCRO 1-1 
2016/05/25 18:01:42 INFO  - jmeter.engine.StandardJMeterEngine: Notifying test listeners of end of test 
2016/05/25 18:01:42 INFO  - jmeter.reporters.Summariser: summary +     48 in   2.5s =   19.4/s Avg:    50 Min:     1 Max:   310 Err:     0 (0.00%) Active: 0 Started: 1 Finished: 1 
2016/05/25 18:01:42 INFO  - jmeter.reporters.Summariser: summary =    100 in     5s =   20.3/s Avg:    47 Min:     1 Max:   419 Err:     0 (0.00%) 
