2016/05/18 14:01:28 INFO  - jmeter.util.JMeterUtils: Setting Locale to en_US 
2016/05/18 14:01:28 INFO  - jmeter.JMeter: Loading user properties from: /Users/schigurupati/Desktop/INSIKT/apache-jmeter-2.13/bin/user.properties 
2016/05/18 14:01:28 INFO  - jmeter.JMeter: Loading system properties from: /Users/schigurupati/Desktop/INSIKT/apache-jmeter-2.13/bin/system.properties 
2016/05/18 14:01:28 INFO  - jmeter.JMeter: Setting JMeter property: jmeter.save.saveservice.output_format=xml 
2016/05/18 14:01:28 INFO  - jmeter.JMeter: Setting JMeter property: jmeter.save.saveservice.assertion_results=all 
2016/05/18 14:01:28 INFO  - jmeter.JMeter: Setting JMeter property: jmeter.save.saveservice.bytes=true 
2016/05/18 14:01:28 INFO  - jmeter.JMeter: Setting JMeter property: file_format.testlog=2.1 
2016/05/18 14:01:28 INFO  - jmeter.JMeter: Setting JMeter property: jmeter.save.saveservice.response_data.on_error=false 
2016/05/18 14:01:28 INFO  - jmeter.JMeter: Copyright (c) 1998-2015 The Apache Software Foundation 
2016/05/18 14:01:28 INFO  - jmeter.JMeter: Version 2.13 r1665067 
2016/05/18 14:01:28 INFO  - jmeter.JMeter: java.version=1.8.0_73 
2016/05/18 14:01:28 INFO  - jmeter.JMeter: java.vm.name=Java HotSpot(TM) 64-Bit Server VM 
2016/05/18 14:01:28 INFO  - jmeter.JMeter: os.name=Mac OS X 
2016/05/18 14:01:28 INFO  - jmeter.JMeter: os.arch=x86_64 
2016/05/18 14:01:28 INFO  - jmeter.JMeter: os.version=10.11.4 
2016/05/18 14:01:28 INFO  - jmeter.JMeter: file.encoding=UTF-8 
2016/05/18 14:01:28 INFO  - jmeter.JMeter: Default Locale=English (United States) 
2016/05/18 14:01:28 INFO  - jmeter.JMeter: JMeter  Locale=English (United States) 
2016/05/18 14:01:28 INFO  - jmeter.JMeter: JMeterHome=/Users/schigurupati/Desktop/INSIKT/apache-jmeter-2.13 
2016/05/18 14:01:28 INFO  - jmeter.JMeter: user.dir  =/Users/schigurupati/Desktop/INSIKT/apache-jmeter-2.13/bin 
2016/05/18 14:01:28 INFO  - jmeter.JMeter: PWD       =/Users/schigurupati/Desktop/INSIKT/apache-jmeter-2.13/bin 
2016/05/18 14:01:29 INFO  - jmeter.JMeter: IP: 10.214.101.148 Name: Insikts-MacBook-Pro.local FullName: 10.214.101.148 
2016/05/18 14:01:29 INFO  - jmeter.services.FileServer: Default base='/Users/schigurupati/Desktop/INSIKT/apache-jmeter-2.13/bin' 
2016/05/18 14:01:29 INFO  - jmeter.services.FileServer: Set new base='/Users/schigurupati/Desktop/INSIKT/apache-jmeter-2.13/extras' 
2016/05/18 14:01:29 INFO  - jmeter.save.SaveService: Testplan (JMX) version: 2.2. Testlog (JTL) version: 2.1 
2016/05/18 14:01:29 INFO  - jmeter.save.SaveService: Using SaveService properties file encoding UTF-8 
2016/05/18 14:01:29 INFO  - jmeter.save.SaveService: Using SaveService properties file version 1656252 
2016/05/18 14:01:29 INFO  - jmeter.save.SaveService: Using SaveService properties version 2.8 
2016/05/18 14:01:29 INFO  - jmeter.save.SaveService: All converter versions present and correct 
2016/05/18 14:01:29 INFO  - jmeter.save.SaveService: Loading file: /Users/schigurupati/Desktop/INSIKT/apache-jmeter-2.13/extras/Netspend.jmx 
2016/05/18 14:01:29 INFO  - jmeter.protocol.http.control.CookieManager: Settings: Delete null: true Check: true Allow variable: true Save: false Prefix: COOKIE_ 
2016/05/18 14:01:29 INFO  - jmeter.protocol.http.control.CacheManager: Will only cache the following methods: [GET] 
2016/05/18 14:01:29 INFO  - jmeter.protocol.http.sampler.HTTPSamplerBase: Cannot find .className property for htmlParser, using default 
2016/05/18 14:01:29 INFO  - jmeter.protocol.http.sampler.HTTPSamplerBase: Parser for text/html is  
2016/05/18 14:01:29 INFO  - jmeter.protocol.http.sampler.HTTPSamplerBase: Parser for application/xhtml+xml is  
2016/05/18 14:01:29 INFO  - jmeter.protocol.http.sampler.HTTPSamplerBase: Parser for application/xml is  
2016/05/18 14:01:29 INFO  - jmeter.protocol.http.sampler.HTTPSamplerBase: Parser for text/xml is  
2016/05/18 14:01:29 INFO  - jmeter.protocol.http.sampler.HTTPSamplerBase: Parser for text/vnd.wap.wml is org.apache.jmeter.protocol.http.parser.RegexpHTMLParser 
2016/05/18 14:01:29 INFO  - jmeter.JMeter: Creating summariser <summary> 
2016/05/18 14:01:29 INFO  - jmeter.engine.StandardJMeterEngine: Listeners will be started after enabling running version 
2016/05/18 14:01:29 INFO  - jmeter.engine.StandardJMeterEngine: To revert to the earlier behaviour, define jmeterengine.startlistenerslater=false 
2016/05/18 14:01:29 INFO  - jmeter.engine.StandardJMeterEngine: Running the test! 
2016/05/18 14:01:29 INFO  - jmeter.samplers.SampleEvent: List of sample_variables: [] 
2016/05/18 14:01:29 INFO  - jmeter.samplers.SampleEvent: List of sample_variables: [] 
2016/05/18 14:01:29 INFO  - jmeter.engine.util.CompoundVariable: Note: Function class names must contain the string: '.functions.' 
2016/05/18 14:01:29 INFO  - jmeter.engine.util.CompoundVariable: Note: Function class names must not contain the string: '.gui.' 
2016/05/18 14:01:29 INFO  - jmeter.JMeter: Running test (1463605289890) 
2016/05/18 14:01:29 INFO  - jmeter.engine.StandardJMeterEngine: Starting ThreadGroup: 1 : Netspend 
2016/05/18 14:01:29 INFO  - jmeter.engine.StandardJMeterEngine: Starting 1 threads for group Netspend. 
2016/05/18 14:01:29 INFO  - jmeter.engine.StandardJMeterEngine: Thread will continue on error 
2016/05/18 14:01:29 INFO  - jmeter.threads.ThreadGroup: Starting thread group number 1 threads 1 ramp-up 1 perThread 1000.0 delayedStart=false 
2016/05/18 14:01:29 INFO  - jmeter.threads.JMeterThread: jmeterthread.startearlier=true (see jmeter.properties) 
2016/05/18 14:01:29 INFO  - jmeter.threads.JMeterThread: Running PostProcessors in forward order 
2016/05/18 14:01:30 INFO  - jmeter.threads.ThreadGroup: Started thread group number 1 
2016/05/18 14:01:30 INFO  - jmeter.engine.StandardJMeterEngine: All thread groups have been started 
2016/05/18 14:01:30 INFO  - jmeter.threads.JMeterThread: Thread started: Netspend 1-1 
2016/05/18 14:01:30 INFO  - jmeter.services.FileServer: Stored: /Users/schigurupati/Desktop/INSIKT/TestData.csv 
2016/05/18 14:01:30 INFO  - jmeter.protocol.http.sampler.HTTPJavaImpl: Maximum connection retries = 10 
2016/05/18 14:01:30 INFO  - jmeter.samplers.SampleResult: Note: Sample TimeStamps are START times 
2016/05/18 14:01:30 INFO  - jmeter.samplers.SampleResult: sampleresult.default.encoding is set to ISO-8859-1 
2016/05/18 14:01:30 INFO  - jmeter.samplers.SampleResult: sampleresult.useNanoTime=true 
2016/05/18 14:01:30 INFO  - jmeter.samplers.SampleResult: sampleresult.nanoThreadSleep=5000 
2016/05/18 14:01:30 INFO  - jmeter.util.JsseSSLManager: Using default SSL protocol: TLS 
2016/05/18 14:01:30 INFO  - jmeter.util.JsseSSLManager: SSL session context: per-thread 
2016/05/18 14:01:30 INFO  - jmeter.util.SSLManager: JmeterKeyStore Location:  type JKS 
2016/05/18 14:01:30 INFO  - jmeter.util.SSLManager: KeyStore created OK 
2016/05/18 14:01:30 WARN  - jmeter.util.SSLManager: Keystore file not found, loading empty keystore 
2016/05/18 14:01:30 ERROR - jmeter.protocol.http.sampler.HTTPJavaImpl: readResponse: java.io.IOException: Server returned HTTP response code: 422 for URL: https://www.me.mylendify.com/api/v2/auth/registration 
2016/05/18 14:01:30 ERROR - jmeter.protocol.http.sampler.HTTPJavaImpl: Cause: java.io.IOException: Server returned HTTP response code: 422 for URL: https://www.me.mylendify.com/api/v2/auth/registration 
2016/05/18 14:01:30 INFO  - jmeter.protocol.http.sampler.HTTPJavaImpl: Error Response Code: 422 
2016/05/18 14:01:30 INFO  - jmeter.reporters.Summariser: summary +      1 in     1s =    1.2/s Avg:   244 Min:   244 Max:   244 Err:     1 (100.00%) Active: 1 Started: 1 Finished: 0 
2016/05/18 14:01:30 ERROR - jmeter.protocol.http.sampler.HTTPJavaImpl: readResponse: java.io.IOException: Server returned HTTP response code: 422 for URL: https://www.me.mylendify.com/api/v2/auth/registration 
2016/05/18 14:01:30 ERROR - jmeter.protocol.http.sampler.HTTPJavaImpl: Cause: java.io.IOException: Server returned HTTP response code: 422 for URL: https://www.me.mylendify.com/api/v2/auth/registration 
2016/05/18 14:01:30 INFO  - jmeter.protocol.http.sampler.HTTPJavaImpl: Error Response Code: 422 
2016/05/18 14:01:30 ERROR - jmeter.protocol.http.sampler.HTTPJavaImpl: readResponse: java.io.IOException: Server returned HTTP response code: 422 for URL: https://www.me.mylendify.com/api/v2/auth/registration 
2016/05/18 14:01:30 ERROR - jmeter.protocol.http.sampler.HTTPJavaImpl: Cause: java.io.IOException: Server returned HTTP response code: 422 for URL: https://www.me.mylendify.com/api/v2/auth/registration 
2016/05/18 14:01:30 INFO  - jmeter.protocol.http.sampler.HTTPJavaImpl: Error Response Code: 422 
2016/05/18 14:01:30 ERROR - jmeter.protocol.http.sampler.HTTPJavaImpl: readResponse: java.io.IOException: Server returned HTTP response code: 422 for URL: https://www.me.mylendify.com/api/v2/auth/registration 
2016/05/18 14:01:30 ERROR - jmeter.protocol.http.sampler.HTTPJavaImpl: Cause: java.io.IOException: Server returned HTTP response code: 422 for URL: https://www.me.mylendify.com/api/v2/auth/registration 
2016/05/18 14:01:30 INFO  - jmeter.protocol.http.sampler.HTTPJavaImpl: Error Response Code: 422 
2016/05/18 14:01:31 ERROR - jmeter.protocol.http.sampler.HTTPJavaImpl: readResponse: java.io.IOException: Server returned HTTP response code: 400 for URL: https://www.me.mylendify.com/api/v2/auth/registration 
2016/05/18 14:01:31 ERROR - jmeter.protocol.http.sampler.HTTPJavaImpl: Cause: java.io.IOException: Server returned HTTP response code: 400 for URL: https://www.me.mylendify.com/api/v2/auth/registration 
2016/05/18 14:01:31 INFO  - jmeter.protocol.http.sampler.HTTPJavaImpl: Error Response Code: 400 
2016/05/18 14:01:31 ERROR - jmeter.protocol.http.sampler.HTTPJavaImpl: readResponse: java.io.IOException: Server returned HTTP response code: 500 for URL: https://www.me.mylendify.com/api/v2/auth/registration 
2016/05/18 14:01:31 ERROR - jmeter.protocol.http.sampler.HTTPJavaImpl: Cause: java.io.IOException: Server returned HTTP response code: 500 for URL: https://www.me.mylendify.com/api/v2/auth/registration 
2016/05/18 14:01:31 INFO  - jmeter.protocol.http.sampler.HTTPJavaImpl: Error Response Code: 500 
2016/05/18 14:01:31 ERROR - jmeter.protocol.http.sampler.HTTPJavaImpl: readResponse: java.io.IOException: Server returned HTTP response code: 400 for URL: https://www.me.mylendify.com/api/v2/auth/registration 
2016/05/18 14:01:31 ERROR - jmeter.protocol.http.sampler.HTTPJavaImpl: Cause: java.io.IOException: Server returned HTTP response code: 400 for URL: https://www.me.mylendify.com/api/v2/auth/registration 
2016/05/18 14:01:31 INFO  - jmeter.protocol.http.sampler.HTTPJavaImpl: Error Response Code: 400 
2016/05/18 14:01:32 ERROR - jmeter.protocol.http.sampler.HTTPJavaImpl: readResponse: java.io.IOException: Server returned HTTP response code: 422 for URL: https://www.me.mylendify.com/api/v2/auth/registration 
2016/05/18 14:01:32 ERROR - jmeter.protocol.http.sampler.HTTPJavaImpl: Cause: java.io.IOException: Server returned HTTP response code: 422 for URL: https://www.me.mylendify.com/api/v2/auth/registration 
2016/05/18 14:01:32 INFO  - jmeter.protocol.http.sampler.HTTPJavaImpl: Error Response Code: 422 
2016/05/18 14:01:32 ERROR - jmeter.protocol.http.sampler.HTTPJavaImpl: readResponse: java.io.IOException: Server returned HTTP response code: 500 for URL: https://www.me.mylendify.com/api/v2/auth/registration 
2016/05/18 14:01:32 ERROR - jmeter.protocol.http.sampler.HTTPJavaImpl: Cause: java.io.IOException: Server returned HTTP response code: 500 for URL: https://www.me.mylendify.com/api/v2/auth/registration 
2016/05/18 14:01:32 INFO  - jmeter.protocol.http.sampler.HTTPJavaImpl: Error Response Code: 500 
2016/05/18 14:01:32 ERROR - jmeter.protocol.http.sampler.HTTPJavaImpl: readResponse: java.io.IOException: Server returned HTTP response code: 500 for URL: https://www.me.mylendify.com/api/v2/auth/registration 
2016/05/18 14:01:32 ERROR - jmeter.protocol.http.sampler.HTTPJavaImpl: Cause: java.io.IOException: Server returned HTTP response code: 500 for URL: https://www.me.mylendify.com/api/v2/auth/registration 
2016/05/18 14:01:32 INFO  - jmeter.protocol.http.sampler.HTTPJavaImpl: Error Response Code: 500 
2016/05/18 14:01:32 ERROR - jmeter.protocol.http.sampler.HTTPJavaImpl: readResponse: java.io.IOException: Server returned HTTP response code: 500 for URL: https://www.me.mylendify.com/api/v2/auth/registration 
2016/05/18 14:01:32 ERROR - jmeter.protocol.http.sampler.HTTPJavaImpl: Cause: java.io.IOException: Server returned HTTP response code: 500 for URL: https://www.me.mylendify.com/api/v2/auth/registration 
2016/05/18 14:01:32 INFO  - jmeter.protocol.http.sampler.HTTPJavaImpl: Error Response Code: 500 
2016/05/18 14:01:32 ERROR - jmeter.protocol.http.sampler.HTTPJavaImpl: readResponse: java.io.IOException: Server returned HTTP response code: 422 for URL: https://www.me.mylendify.com/api/v2/auth/registration 
2016/05/18 14:01:32 ERROR - jmeter.protocol.http.sampler.HTTPJavaImpl: Cause: java.io.IOException: Server returned HTTP response code: 422 for URL: https://www.me.mylendify.com/api/v2/auth/registration 
2016/05/18 14:01:32 INFO  - jmeter.protocol.http.sampler.HTTPJavaImpl: Error Response Code: 422 
2016/05/18 14:01:32 ERROR - jmeter.protocol.http.sampler.HTTPJavaImpl: readResponse: java.io.IOException: Server returned HTTP response code: 500 for URL: https://www.me.mylendify.com/api/v2/auth/registration 
2016/05/18 14:01:32 ERROR - jmeter.protocol.http.sampler.HTTPJavaImpl: Cause: java.io.IOException: Server returned HTTP response code: 500 for URL: https://www.me.mylendify.com/api/v2/auth/registration 
2016/05/18 14:01:32 INFO  - jmeter.protocol.http.sampler.HTTPJavaImpl: Error Response Code: 500 
2016/05/18 14:01:32 ERROR - jmeter.protocol.http.sampler.HTTPJavaImpl: readResponse: java.io.IOException: Server returned HTTP response code: 400 for URL: https://www.me.mylendify.com/api/v2/auth/registration 
2016/05/18 14:01:32 ERROR - jmeter.protocol.http.sampler.HTTPJavaImpl: Cause: java.io.IOException: Server returned HTTP response code: 400 for URL: https://www.me.mylendify.com/api/v2/auth/registration 
2016/05/18 14:01:32 INFO  - jmeter.protocol.http.sampler.HTTPJavaImpl: Error Response Code: 400 
2016/05/18 14:01:32 ERROR - jmeter.protocol.http.sampler.HTTPJavaImpl: readResponse: java.io.IOException: Server returned HTTP response code: 500 for URL: https://www.me.mylendify.com/api/v2/auth/registration 
2016/05/18 14:01:32 ERROR - jmeter.protocol.http.sampler.HTTPJavaImpl: Cause: java.io.IOException: Server returned HTTP response code: 500 for URL: https://www.me.mylendify.com/api/v2/auth/registration 
2016/05/18 14:01:32 INFO  - jmeter.protocol.http.sampler.HTTPJavaImpl: Error Response Code: 500 
2016/05/18 14:01:32 ERROR - jmeter.protocol.http.sampler.HTTPJavaImpl: readResponse: java.io.IOException: Server returned HTTP response code: 500 for URL: https://www.me.mylendify.com/api/v2/auth/registration 
2016/05/18 14:01:32 ERROR - jmeter.protocol.http.sampler.HTTPJavaImpl: Cause: java.io.IOException: Server returned HTTP response code: 500 for URL: https://www.me.mylendify.com/api/v2/auth/registration 
2016/05/18 14:01:32 INFO  - jmeter.protocol.http.sampler.HTTPJavaImpl: Error Response Code: 500 
2016/05/18 14:01:32 ERROR - jmeter.protocol.http.sampler.HTTPJavaImpl: readResponse: java.io.IOException: Server returned HTTP response code: 500 for URL: https://www.me.mylendify.com/api/v2/auth/registration 
2016/05/18 14:01:32 ERROR - jmeter.protocol.http.sampler.HTTPJavaImpl: Cause: java.io.IOException: Server returned HTTP response code: 500 for URL: https://www.me.mylendify.com/api/v2/auth/registration 
2016/05/18 14:01:32 INFO  - jmeter.protocol.http.sampler.HTTPJavaImpl: Error Response Code: 500 
2016/05/18 14:01:32 ERROR - jmeter.protocol.http.sampler.HTTPJavaImpl: readResponse: java.io.IOException: Server returned HTTP response code: 500 for URL: https://www.me.mylendify.com/api/v2/auth/registration 
2016/05/18 14:01:32 ERROR - jmeter.protocol.http.sampler.HTTPJavaImpl: Cause: java.io.IOException: Server returned HTTP response code: 500 for URL: https://www.me.mylendify.com/api/v2/auth/registration 
2016/05/18 14:01:32 INFO  - jmeter.protocol.http.sampler.HTTPJavaImpl: Error Response Code: 500 
2016/05/18 14:01:32 ERROR - jmeter.protocol.http.sampler.HTTPJavaImpl: readResponse: java.io.IOException: Server returned HTTP response code: 400 for URL: https://www.me.mylendify.com/api/v2/auth/registration 
2016/05/18 14:01:32 ERROR - jmeter.protocol.http.sampler.HTTPJavaImpl: Cause: java.io.IOException: Server returned HTTP response code: 400 for URL: https://www.me.mylendify.com/api/v2/auth/registration 
2016/05/18 14:01:32 INFO  - jmeter.protocol.http.sampler.HTTPJavaImpl: Error Response Code: 400 
2016/05/18 14:01:32 ERROR - jmeter.protocol.http.sampler.HTTPJavaImpl: readResponse: java.io.IOException: Server returned HTTP response code: 422 for URL: https://www.me.mylendify.com/api/v2/auth/registration 
2016/05/18 14:01:32 ERROR - jmeter.protocol.http.sampler.HTTPJavaImpl: Cause: java.io.IOException: Server returned HTTP response code: 422 for URL: https://www.me.mylendify.com/api/v2/auth/registration 
2016/05/18 14:01:32 INFO  - jmeter.protocol.http.sampler.HTTPJavaImpl: Error Response Code: 422 
2016/05/18 14:01:32 ERROR - jmeter.protocol.http.sampler.HTTPJavaImpl: readResponse: java.io.IOException: Server returned HTTP response code: 422 for URL: https://www.me.mylendify.com/api/v2/auth/registration 
2016/05/18 14:01:32 ERROR - jmeter.protocol.http.sampler.HTTPJavaImpl: Cause: java.io.IOException: Server returned HTTP response code: 422 for URL: https://www.me.mylendify.com/api/v2/auth/registration 
2016/05/18 14:01:32 INFO  - jmeter.protocol.http.sampler.HTTPJavaImpl: Error Response Code: 422 
2016/05/18 14:01:32 ERROR - jmeter.protocol.http.sampler.HTTPJavaImpl: readResponse: java.io.IOException: Server returned HTTP response code: 422 for URL: https://www.me.mylendify.com/api/v2/auth/registration 
2016/05/18 14:01:32 ERROR - jmeter.protocol.http.sampler.HTTPJavaImpl: Cause: java.io.IOException: Server returned HTTP response code: 422 for URL: https://www.me.mylendify.com/api/v2/auth/registration 
2016/05/18 14:01:32 INFO  - jmeter.protocol.http.sampler.HTTPJavaImpl: Error Response Code: 422 
2016/05/18 14:01:32 ERROR - jmeter.protocol.http.sampler.HTTPJavaImpl: readResponse: java.io.IOException: Server returned HTTP response code: 422 for URL: https://www.me.mylendify.com/api/v2/auth/registration 
2016/05/18 14:01:32 ERROR - jmeter.protocol.http.sampler.HTTPJavaImpl: Cause: java.io.IOException: Server returned HTTP response code: 422 for URL: https://www.me.mylendify.com/api/v2/auth/registration 
2016/05/18 14:01:32 INFO  - jmeter.protocol.http.sampler.HTTPJavaImpl: Error Response Code: 422 
2016/05/18 14:01:33 ERROR - jmeter.protocol.http.sampler.HTTPJavaImpl: readResponse: java.io.IOException: Server returned HTTP response code: 401 for URL: https://www.me.mylendify.com/api/v2/auth 
2016/05/18 14:01:33 ERROR - jmeter.protocol.http.sampler.HTTPJavaImpl: Cause: java.io.IOException: Server returned HTTP response code: 401 for URL: https://www.me.mylendify.com/api/v2/auth 
2016/05/18 14:01:33 INFO  - jmeter.protocol.http.sampler.HTTPJavaImpl: Error Response Code: 401 
2016/05/18 14:01:33 ERROR - jmeter.protocol.http.sampler.HTTPJavaImpl: readResponse: java.io.IOException: Server returned HTTP response code: 422 for URL: https://www.me.mylendify.com/api/v2/auth/registration 
2016/05/18 14:01:33 ERROR - jmeter.protocol.http.sampler.HTTPJavaImpl: Cause: java.io.IOException: Server returned HTTP response code: 422 for URL: https://www.me.mylendify.com/api/v2/auth/registration 
2016/05/18 14:01:33 INFO  - jmeter.protocol.http.sampler.HTTPJavaImpl: Error Response Code: 422 
2016/05/18 14:01:33 ERROR - jmeter.protocol.http.sampler.HTTPJavaImpl: readResponse: java.io.IOException: Server returned HTTP response code: 422 for URL: https://www.me.mylendify.com/api/v2/auth/registration 
2016/05/18 14:01:33 ERROR - jmeter.protocol.http.sampler.HTTPJavaImpl: Cause: java.io.IOException: Server returned HTTP response code: 422 for URL: https://www.me.mylendify.com/api/v2/auth/registration 
2016/05/18 14:01:33 INFO  - jmeter.protocol.http.sampler.HTTPJavaImpl: Error Response Code: 422 
2016/05/18 14:01:33 ERROR - jmeter.protocol.http.sampler.HTTPJavaImpl: readResponse: java.io.IOException: Server returned HTTP response code: 422 for URL: https://www.me.mylendify.com/api/v2/auth/registration 
2016/05/18 14:01:33 ERROR - jmeter.protocol.http.sampler.HTTPJavaImpl: Cause: java.io.IOException: Server returned HTTP response code: 422 for URL: https://www.me.mylendify.com/api/v2/auth/registration 
2016/05/18 14:01:33 INFO  - jmeter.protocol.http.sampler.HTTPJavaImpl: Error Response Code: 422 
2016/05/18 14:01:33 ERROR - jmeter.protocol.http.sampler.HTTPJavaImpl: readResponse: java.io.IOException: Server returned HTTP response code: 422 for URL: https://www.me.mylendify.com/api/v2/auth/registration 
2016/05/18 14:01:33 ERROR - jmeter.protocol.http.sampler.HTTPJavaImpl: Cause: java.io.IOException: Server returned HTTP response code: 422 for URL: https://www.me.mylendify.com/api/v2/auth/registration 
2016/05/18 14:01:33 INFO  - jmeter.protocol.http.sampler.HTTPJavaImpl: Error Response Code: 422 
2016/05/18 14:01:33 ERROR - jmeter.protocol.http.sampler.HTTPJavaImpl: readResponse: java.io.IOException: Server returned HTTP response code: 422 for URL: https://www.me.mylendify.com/api/v2/auth/registration 
2016/05/18 14:01:33 ERROR - jmeter.protocol.http.sampler.HTTPJavaImpl: Cause: java.io.IOException: Server returned HTTP response code: 422 for URL: https://www.me.mylendify.com/api/v2/auth/registration 
2016/05/18 14:01:33 INFO  - jmeter.protocol.http.sampler.HTTPJavaImpl: Error Response Code: 422 
2016/05/18 14:01:33 ERROR - jmeter.protocol.http.sampler.HTTPJavaImpl: readResponse: java.io.IOException: Server returned HTTP response code: 500 for URL: https://www.me.mylendify.com/api/v2/auth/registration 
2016/05/18 14:01:33 ERROR - jmeter.protocol.http.sampler.HTTPJavaImpl: Cause: java.io.IOException: Server returned HTTP response code: 500 for URL: https://www.me.mylendify.com/api/v2/auth/registration 
2016/05/18 14:01:33 INFO  - jmeter.protocol.http.sampler.HTTPJavaImpl: Error Response Code: 500 
2016/05/18 14:01:33 ERROR - jmeter.protocol.http.sampler.HTTPJavaImpl: readResponse: java.io.IOException: Server returned HTTP response code: 422 for URL: https://www.me.mylendify.com/api/v2/auth/registration 
2016/05/18 14:01:33 ERROR - jmeter.protocol.http.sampler.HTTPJavaImpl: Cause: java.io.IOException: Server returned HTTP response code: 422 for URL: https://www.me.mylendify.com/api/v2/auth/registration 
2016/05/18 14:01:33 INFO  - jmeter.protocol.http.sampler.HTTPJavaImpl: Error Response Code: 422 
2016/05/18 14:01:33 ERROR - jmeter.protocol.http.sampler.HTTPJavaImpl: readResponse: java.io.IOException: Server returned HTTP response code: 422 for URL: https://www.me.mylendify.com/api/v2/auth/registration 
2016/05/18 14:01:33 ERROR - jmeter.protocol.http.sampler.HTTPJavaImpl: Cause: java.io.IOException: Server returned HTTP response code: 422 for URL: https://www.me.mylendify.com/api/v2/auth/registration 
2016/05/18 14:01:33 INFO  - jmeter.protocol.http.sampler.HTTPJavaImpl: Error Response Code: 422 
2016/05/18 14:01:33 ERROR - jmeter.protocol.http.sampler.HTTPJavaImpl: readResponse: java.io.IOException: Server returned HTTP response code: 422 for URL: https://www.me.mylendify.com/api/v2/auth/registration 
2016/05/18 14:01:33 ERROR - jmeter.protocol.http.sampler.HTTPJavaImpl: Cause: java.io.IOException: Server returned HTTP response code: 422 for URL: https://www.me.mylendify.com/api/v2/auth/registration 
2016/05/18 14:01:33 INFO  - jmeter.protocol.http.sampler.HTTPJavaImpl: Error Response Code: 422 
2016/05/18 14:01:33 ERROR - jmeter.protocol.http.sampler.HTTPJavaImpl: readResponse: java.io.IOException: Server returned HTTP response code: 422 for URL: https://www.me.mylendify.com/api/v2/auth/registration 
2016/05/18 14:01:33 ERROR - jmeter.protocol.http.sampler.HTTPJavaImpl: Cause: java.io.IOException: Server returned HTTP response code: 422 for URL: https://www.me.mylendify.com/api/v2/auth/registration 
2016/05/18 14:01:33 INFO  - jmeter.protocol.http.sampler.HTTPJavaImpl: Error Response Code: 422 
2016/05/18 14:01:33 ERROR - jmeter.protocol.http.sampler.HTTPJavaImpl: readResponse: java.io.IOException: Server returned HTTP response code: 422 for URL: https://www.me.mylendify.com/api/v2/auth/registration 
2016/05/18 14:01:33 ERROR - jmeter.protocol.http.sampler.HTTPJavaImpl: Cause: java.io.IOException: Server returned HTTP response code: 422 for URL: https://www.me.mylendify.com/api/v2/auth/registration 
2016/05/18 14:01:33 INFO  - jmeter.protocol.http.sampler.HTTPJavaImpl: Error Response Code: 422 
2016/05/18 14:01:33 ERROR - jmeter.protocol.http.sampler.HTTPJavaImpl: readResponse: java.io.IOException: Server returned HTTP response code: 422 for URL: https://www.me.mylendify.com/api/v2/auth/registration 
2016/05/18 14:01:33 ERROR - jmeter.protocol.http.sampler.HTTPJavaImpl: Cause: java.io.IOException: Server returned HTTP response code: 422 for URL: https://www.me.mylendify.com/api/v2/auth/registration 
2016/05/18 14:01:33 INFO  - jmeter.protocol.http.sampler.HTTPJavaImpl: Error Response Code: 422 
2016/05/18 14:01:33 ERROR - jmeter.protocol.http.sampler.HTTPJavaImpl: readResponse: java.io.IOException: Server returned HTTP response code: 422 for URL: https://www.me.mylendify.com/api/v2/auth/registration 
2016/05/18 14:01:33 ERROR - jmeter.protocol.http.sampler.HTTPJavaImpl: Cause: java.io.IOException: Server returned HTTP response code: 422 for URL: https://www.me.mylendify.com/api/v2/auth/registration 
2016/05/18 14:01:33 INFO  - jmeter.protocol.http.sampler.HTTPJavaImpl: Error Response Code: 422 
2016/05/18 14:01:33 ERROR - jmeter.protocol.http.sampler.HTTPJavaImpl: readResponse: java.io.IOException: Server returned HTTP response code: 422 for URL: https://www.me.mylendify.com/api/v2/auth/registration 
2016/05/18 14:01:33 ERROR - jmeter.protocol.http.sampler.HTTPJavaImpl: Cause: java.io.IOException: Server returned HTTP response code: 422 for URL: https://www.me.mylendify.com/api/v2/auth/registration 
2016/05/18 14:01:33 INFO  - jmeter.protocol.http.sampler.HTTPJavaImpl: Error Response Code: 422 
2016/05/18 14:01:33 ERROR - jmeter.protocol.http.sampler.HTTPJavaImpl: readResponse: java.io.IOException: Server returned HTTP response code: 422 for URL: https://www.me.mylendify.com/api/v2/auth/registration 
2016/05/18 14:01:33 ERROR - jmeter.protocol.http.sampler.HTTPJavaImpl: Cause: java.io.IOException: Server returned HTTP response code: 422 for URL: https://www.me.mylendify.com/api/v2/auth/registration 
2016/05/18 14:01:33 INFO  - jmeter.protocol.http.sampler.HTTPJavaImpl: Error Response Code: 422 
2016/05/18 14:01:33 ERROR - jmeter.protocol.http.sampler.HTTPJavaImpl: readResponse: java.io.IOException: Server returned HTTP response code: 401 for URL: https://www.me.mylendify.com/api/v2/auth 
2016/05/18 14:01:33 ERROR - jmeter.protocol.http.sampler.HTTPJavaImpl: Cause: java.io.IOException: Server returned HTTP response code: 401 for URL: https://www.me.mylendify.com/api/v2/auth 
2016/05/18 14:01:33 INFO  - jmeter.protocol.http.sampler.HTTPJavaImpl: Error Response Code: 401 
2016/05/18 14:01:33 ERROR - jmeter.protocol.http.sampler.HTTPJavaImpl: readResponse: java.io.IOException: Server returned HTTP response code: 422 for URL: https://www.me.mylendify.com/api/v2/auth/registration 
2016/05/18 14:01:33 ERROR - jmeter.protocol.http.sampler.HTTPJavaImpl: Cause: java.io.IOException: Server returned HTTP response code: 422 for URL: https://www.me.mylendify.com/api/v2/auth/registration 
2016/05/18 14:01:33 INFO  - jmeter.protocol.http.sampler.HTTPJavaImpl: Error Response Code: 422 
2016/05/18 14:01:33 ERROR - jmeter.protocol.http.sampler.HTTPJavaImpl: readResponse: java.io.IOException: Server returned HTTP response code: 422 for URL: https://www.me.mylendify.com/api/v2/auth/registration 
2016/05/18 14:01:33 ERROR - jmeter.protocol.http.sampler.HTTPJavaImpl: Cause: java.io.IOException: Server returned HTTP response code: 422 for URL: https://www.me.mylendify.com/api/v2/auth/registration 
2016/05/18 14:01:33 INFO  - jmeter.protocol.http.sampler.HTTPJavaImpl: Error Response Code: 422 
2016/05/18 14:01:33 ERROR - jmeter.protocol.http.sampler.HTTPJavaImpl: readResponse: java.io.IOException: Server returned HTTP response code: 500 for URL: https://www.me.mylendify.com/api/v2/auth/registration 
2016/05/18 14:01:33 ERROR - jmeter.protocol.http.sampler.HTTPJavaImpl: Cause: java.io.IOException: Server returned HTTP response code: 500 for URL: https://www.me.mylendify.com/api/v2/auth/registration 
2016/05/18 14:01:33 INFO  - jmeter.protocol.http.sampler.HTTPJavaImpl: Error Response Code: 500 
2016/05/18 14:01:33 ERROR - jmeter.protocol.http.sampler.HTTPJavaImpl: readResponse: java.io.IOException: Server returned HTTP response code: 500 for URL: https://www.me.mylendify.com/api/v2/auth/registration 
2016/05/18 14:01:33 ERROR - jmeter.protocol.http.sampler.HTTPJavaImpl: Cause: java.io.IOException: Server returned HTTP response code: 500 for URL: https://www.me.mylendify.com/api/v2/auth/registration 
2016/05/18 14:01:33 INFO  - jmeter.protocol.http.sampler.HTTPJavaImpl: Error Response Code: 500 
2016/05/18 14:01:33 ERROR - jmeter.protocol.http.sampler.HTTPJavaImpl: readResponse: java.io.IOException: Server returned HTTP response code: 500 for URL: https://www.me.mylendify.com/api/v2/auth/registration 
2016/05/18 14:01:33 ERROR - jmeter.protocol.http.sampler.HTTPJavaImpl: Cause: java.io.IOException: Server returned HTTP response code: 500 for URL: https://www.me.mylendify.com/api/v2/auth/registration 
2016/05/18 14:01:33 INFO  - jmeter.protocol.http.sampler.HTTPJavaImpl: Error Response Code: 500 
2016/05/18 14:01:33 ERROR - jmeter.protocol.http.sampler.HTTPJavaImpl: readResponse: java.io.IOException: Server returned HTTP response code: 422 for URL: https://www.me.mylendify.com/api/v2/auth/registration 
2016/05/18 14:01:33 ERROR - jmeter.protocol.http.sampler.HTTPJavaImpl: Cause: java.io.IOException: Server returned HTTP response code: 422 for URL: https://www.me.mylendify.com/api/v2/auth/registration 
2016/05/18 14:01:33 INFO  - jmeter.protocol.http.sampler.HTTPJavaImpl: Error Response Code: 422 
2016/05/18 14:01:33 ERROR - jmeter.protocol.http.sampler.HTTPJavaImpl: readResponse: java.io.IOException: Server returned HTTP response code: 500 for URL: https://www.me.mylendify.com/api/v2/auth/registration 
2016/05/18 14:01:33 ERROR - jmeter.protocol.http.sampler.HTTPJavaImpl: Cause: java.io.IOException: Server returned HTTP response code: 500 for URL: https://www.me.mylendify.com/api/v2/auth/registration 
2016/05/18 14:01:33 INFO  - jmeter.protocol.http.sampler.HTTPJavaImpl: Error Response Code: 500 
2016/05/18 14:01:34 ERROR - jmeter.protocol.http.sampler.HTTPJavaImpl: readResponse: java.io.IOException: Server returned HTTP response code: 400 for URL: https://www.me.mylendify.com/api/v2/auth/registration 
2016/05/18 14:01:34 ERROR - jmeter.protocol.http.sampler.HTTPJavaImpl: Cause: java.io.IOException: Server returned HTTP response code: 400 for URL: https://www.me.mylendify.com/api/v2/auth/registration 
2016/05/18 14:01:34 INFO  - jmeter.protocol.http.sampler.HTTPJavaImpl: Error Response Code: 400 
2016/05/18 14:01:34 ERROR - jmeter.protocol.http.sampler.HTTPJavaImpl: readResponse: java.io.IOException: Server returned HTTP response code: 500 for URL: https://www.me.mylendify.com/api/v2/auth/registration 
2016/05/18 14:01:34 ERROR - jmeter.protocol.http.sampler.HTTPJavaImpl: Cause: java.io.IOException: Server returned HTTP response code: 500 for URL: https://www.me.mylendify.com/api/v2/auth/registration 
2016/05/18 14:01:34 INFO  - jmeter.protocol.http.sampler.HTTPJavaImpl: Error Response Code: 500 
2016/05/18 14:01:34 ERROR - jmeter.protocol.http.sampler.HTTPJavaImpl: readResponse: java.io.IOException: Server returned HTTP response code: 500 for URL: https://www.me.mylendify.com/api/v2/auth/registration 
2016/05/18 14:01:34 ERROR - jmeter.protocol.http.sampler.HTTPJavaImpl: Cause: java.io.IOException: Server returned HTTP response code: 500 for URL: https://www.me.mylendify.com/api/v2/auth/registration 
2016/05/18 14:01:34 INFO  - jmeter.protocol.http.sampler.HTTPJavaImpl: Error Response Code: 500 
2016/05/18 14:01:34 ERROR - jmeter.protocol.http.sampler.HTTPJavaImpl: readResponse: java.io.IOException: Server returned HTTP response code: 500 for URL: https://www.me.mylendify.com/api/v2/auth/registration 
2016/05/18 14:01:34 ERROR - jmeter.protocol.http.sampler.HTTPJavaImpl: Cause: java.io.IOException: Server returned HTTP response code: 500 for URL: https://www.me.mylendify.com/api/v2/auth/registration 
2016/05/18 14:01:34 INFO  - jmeter.protocol.http.sampler.HTTPJavaImpl: Error Response Code: 500 
2016/05/18 14:01:34 ERROR - jmeter.protocol.http.sampler.HTTPJavaImpl: readResponse: java.io.IOException: Server returned HTTP response code: 500 for URL: https://www.me.mylendify.com/api/v2/auth/registration 
2016/05/18 14:01:34 ERROR - jmeter.protocol.http.sampler.HTTPJavaImpl: Cause: java.io.IOException: Server returned HTTP response code: 500 for URL: https://www.me.mylendify.com/api/v2/auth/registration 
2016/05/18 14:01:34 INFO  - jmeter.protocol.http.sampler.HTTPJavaImpl: Error Response Code: 500 
2016/05/18 14:01:34 ERROR - jmeter.protocol.http.sampler.HTTPJavaImpl: readResponse: java.io.IOException: Server returned HTTP response code: 400 for URL: https://www.me.mylendify.com/api/v2/auth/registration 
2016/05/18 14:01:34 ERROR - jmeter.protocol.http.sampler.HTTPJavaImpl: Cause: java.io.IOException: Server returned HTTP response code: 400 for URL: https://www.me.mylendify.com/api/v2/auth/registration 
2016/05/18 14:01:34 INFO  - jmeter.protocol.http.sampler.HTTPJavaImpl: Error Response Code: 400 
2016/05/18 14:01:34 ERROR - jmeter.protocol.http.sampler.HTTPJavaImpl: readResponse: java.io.IOException: Server returned HTTP response code: 400 for URL: https://www.me.mylendify.com/api/v2/auth 
2016/05/18 14:01:34 ERROR - jmeter.protocol.http.sampler.HTTPJavaImpl: Cause: java.io.IOException: Server returned HTTP response code: 400 for URL: https://www.me.mylendify.com/api/v2/auth 
2016/05/18 14:01:34 INFO  - jmeter.protocol.http.sampler.HTTPJavaImpl: Error Response Code: 400 
2016/05/18 14:01:34 ERROR - jmeter.protocol.http.sampler.HTTPJavaImpl: readResponse: java.io.IOException: Server returned HTTP response code: 422 for URL: https://www.me.mylendify.com/api/v2/auth/registration 
2016/05/18 14:01:34 ERROR - jmeter.protocol.http.sampler.HTTPJavaImpl: Cause: java.io.IOException: Server returned HTTP response code: 422 for URL: https://www.me.mylendify.com/api/v2/auth/registration 
2016/05/18 14:01:34 INFO  - jmeter.protocol.http.sampler.HTTPJavaImpl: Error Response Code: 422 
2016/05/18 14:01:34 ERROR - jmeter.protocol.http.sampler.HTTPJavaImpl: readResponse: java.io.IOException: Server returned HTTP response code: 422 for URL: https://www.me.mylendify.com/api/v2/auth/registration 
2016/05/18 14:01:34 ERROR - jmeter.protocol.http.sampler.HTTPJavaImpl: Cause: java.io.IOException: Server returned HTTP response code: 422 for URL: https://www.me.mylendify.com/api/v2/auth/registration 
2016/05/18 14:01:34 INFO  - jmeter.protocol.http.sampler.HTTPJavaImpl: Error Response Code: 422 
2016/05/18 14:01:34 ERROR - jmeter.protocol.http.sampler.HTTPJavaImpl: readResponse: java.io.IOException: Server returned HTTP response code: 422 for URL: https://www.me.mylendify.com/api/v2/auth/registration 
2016/05/18 14:01:34 ERROR - jmeter.protocol.http.sampler.HTTPJavaImpl: Cause: java.io.IOException: Server returned HTTP response code: 422 for URL: https://www.me.mylendify.com/api/v2/auth/registration 
2016/05/18 14:01:34 INFO  - jmeter.protocol.http.sampler.HTTPJavaImpl: Error Response Code: 422 
2016/05/18 14:01:34 ERROR - jmeter.protocol.http.sampler.HTTPJavaImpl: readResponse: java.io.IOException: Server returned HTTP response code: 422 for URL: https://www.me.mylendify.com/api/v2/auth/registration 
2016/05/18 14:01:34 ERROR - jmeter.protocol.http.sampler.HTTPJavaImpl: Cause: java.io.IOException: Server returned HTTP response code: 422 for URL: https://www.me.mylendify.com/api/v2/auth/registration 
2016/05/18 14:01:34 INFO  - jmeter.protocol.http.sampler.HTTPJavaImpl: Error Response Code: 422 
2016/05/18 14:01:34 ERROR - jmeter.protocol.http.sampler.HTTPJavaImpl: readResponse: java.io.IOException: Server returned HTTP response code: 422 for URL: https://www.me.mylendify.com/api/v2/auth/registration 
2016/05/18 14:01:34 ERROR - jmeter.protocol.http.sampler.HTTPJavaImpl: Cause: java.io.IOException: Server returned HTTP response code: 422 for URL: https://www.me.mylendify.com/api/v2/auth/registration 
2016/05/18 14:01:34 INFO  - jmeter.protocol.http.sampler.HTTPJavaImpl: Error Response Code: 422 
2016/05/18 14:01:34 INFO  - jmeter.protocol.http.sampler.HTTPHCAbstractImpl: Local host = Insikts-MacBook-Pro.local 
2016/05/18 14:01:34 INFO  - jmeter.protocol.http.sampler.HTTPHC4Impl: HTTP request retry count = 0 
2016/05/18 14:01:34 INFO  - jmeter.protocol.http.sampler.HTTPHC4Impl: Setting up HTTPS TrustAll scheme 
2016/05/18 14:01:35 ERROR - jmeter.protocol.http.sampler.HTTPJavaImpl: readResponse: java.io.IOException: Server returned HTTP response code: 400 for URL: https://www.me.mylendify.com/api/v2/auth 
2016/05/18 14:01:35 ERROR - jmeter.protocol.http.sampler.HTTPJavaImpl: Cause: java.io.IOException: Server returned HTTP response code: 400 for URL: https://www.me.mylendify.com/api/v2/auth 
2016/05/18 14:01:35 INFO  - jmeter.protocol.http.sampler.HTTPJavaImpl: Error Response Code: 400 
2016/05/18 14:01:35 ERROR - jmeter.protocol.http.sampler.HTTPJavaImpl: readResponse: java.io.IOException: Server returned HTTP response code: 401 for URL: https://www.me.mylendify.com/api/v2/auth 
2016/05/18 14:01:35 ERROR - jmeter.protocol.http.sampler.HTTPJavaImpl: Cause: java.io.IOException: Server returned HTTP response code: 401 for URL: https://www.me.mylendify.com/api/v2/auth 
2016/05/18 14:01:35 INFO  - jmeter.protocol.http.sampler.HTTPJavaImpl: Error Response Code: 401 
2016/05/18 14:01:36 INFO  - jmeter.threads.JMeterThread: Thread is done: Netspend 1-1 
2016/05/18 14:01:36 INFO  - jmeter.threads.JMeterThread: Thread finished: Netspend 1-1 
2016/05/18 14:01:36 INFO  - jmeter.engine.StandardJMeterEngine: Notifying test listeners of end of test 
2016/05/18 14:01:36 INFO  - jmeter.services.FileServer: Close: /Users/schigurupati/Desktop/INSIKT/TestData.csv 
2016/05/18 14:01:36 INFO  - jmeter.reporters.Summariser: summary +    144 in     6s =   24.2/s Avg:    40 Min:     1 Max:   193 Err:    52 (36.11%) Active: 0 Started: 1 Finished: 1 
2016/05/18 14:01:36 INFO  - jmeter.reporters.Summariser: summary =    145 in     7s =   21.3/s Avg:    41 Min:     1 Max:   244 Err:    53 (36.55%) 
